2025-12-16 10:22:20,864 [INFO] Activator:176 - 


2025-12-16 10:22:20,873 [INFO] Activator:177 - !SESSION log4j initialized
2025-12-16 10:22:25,500 [INFO] LogOutputStream:77 - [STDOUT_REDIRECT] 
2025-12-16 11:03:31,063 [INFO] Activator:176 - 


2025-12-16 11:03:31,067 [INFO] Activator:177 - !SESSION log4j initialized
2025-12-16 11:03:35,735 [INFO] LogOutputStream:77 - [STDOUT_REDIRECT] 
2025-12-16 12:05:01,508 [INFO] Activator:176 - 


2025-12-16 12:05:01,509 [INFO] Activator:177 - !SESSION log4j initialized
2025-12-16 12:05:07,454 [INFO] LogOutputStream:77 - [STDOUT_REDIRECT] 
2025-12-16 12:05:19,805 [INFO] ApplicationProperties:184 - Using Application install path: C:\STprograms\STM32CubeIDE_1.15.1\STM32CubeIDE\plugins\com.st.stm32cube.common.mx_6.14.0.202502271554
2025-12-16 12:05:19,822 [INFO] DbMcusXml:78 - Set database path to: C:\STprograms\STM32CubeIDE_1.15.1\STM32CubeIDE\plugins\com.st.stm32cube.common.mx_6.14.0.202502271554\\db\/mcu/
2025-12-16 12:05:19,822 [INFO] ApiDb:274 - Set plugin database path to: C:\STprograms\STM32CubeIDE_1.15.1\STM32CubeIDE\plugins\com.st.stm32cube.common.mx_6.14.0.202502271554\\db\/plugins/boardmanager/
2025-12-16 12:05:19,822 [WARN] ApiDb:259 - Overriding images path with different value:  => C:\STprograms\STM32CubeIDE_1.15.1\STM32CubeIDE\plugins\com.st.stm32cube.common.mx_6.14.0.202502271554\\db\/plugins/mcufinder/images/
2025-12-16 12:05:19,830 [INFO] ApiDb:250 - Set database path to: C:\Users\ingda\.stmcufinder\plugins\mcufinder//mcu/
2025-12-16 12:05:19,830 [INFO] DbMcusAds:125 - Set database path to: C:\Users\ingda\.stmcufinder\plugins\mcufinder//mcu/
2025-12-16 12:05:19,832 [INFO] CrossReferenceDbSqlite:203 - Set database path to: C:\Users\ingda\.stmcufinder\plugins\mcufinder//mcu/cs/
2025-12-16 12:05:19,904 [INFO] RulesReader:64 - Compatibility file has been processed (301 Rules)
2025-12-16 12:05:19,968 [INFO] DbMcusXml:78 - Set database path to: C:\STprograms\STM32CubeIDE_1.15.1\STM32CubeIDE\plugins\com.st.stm32cube.common.mx_6.14.0.202502271554\\db\/mcu/
2025-12-16 12:05:19,968 [INFO] ApiDb:274 - Set plugin database path to: C:\STprograms\STM32CubeIDE_1.15.1\STM32CubeIDE\plugins\com.st.stm32cube.common.mx_6.14.0.202502271554\\db\/plugins/boardmanager/
2025-12-16 12:05:19,968 [INFO] ApiDb:261 - Set plugin images path to: C:\STprograms\STM32CubeIDE_1.15.1\STM32CubeIDE\plugins\com.st.stm32cube.common.mx_6.14.0.202502271554\\db\/plugins/mcufinder/images/
2025-12-16 12:05:19,968 [WARN] DbFile:41 - Overriding database path with different value: C:\Users\ingda\.stmcufinder\plugins\mcufinder/ => C:\Users\ingda\.stmcufinder\plugins\mcufinder
2025-12-16 12:05:19,968 [INFO] ApiDb:250 - Set database path to: C:\Users\ingda\.stmcufinder\plugins\mcufinder//mcu/
2025-12-16 12:05:19,968 [WARN] DbFile:41 - Overriding database path with different value: C:\Users\ingda\.stmcufinder\plugins\mcufinder/ => C:\Users\ingda\.stmcufinder\plugins\mcufinder
2025-12-16 12:05:19,968 [INFO] DbMcusAds:125 - Set database path to: C:\Users\ingda\.stmcufinder\plugins\mcufinder//mcu/
2025-12-16 12:05:19,968 [WARN] DbFile:41 - Overriding database path with different value: C:\Users\ingda\.stmcufinder\plugins\mcufinder/ => C:\Users\ingda\.stmcufinder\plugins\mcufinder
2025-12-16 12:05:19,968 [WARN] DbFile:41 - Overriding database path with different value: C:\Users\ingda\.stmcufinder\plugins\mcufinder/ => C:\Users\ingda\.stmcufinder\plugins\mcufinder
2025-12-16 12:05:19,968 [INFO] CrossReferenceDbSqlite:203 - Set database path to: C:\Users\ingda\.stmcufinder\plugins\mcufinder//mcu/cs/
2025-12-16 12:05:20,020 [INFO] MainPanel:272 - HeapMemory: 318767104
2025-12-16 12:05:20,104 [INFO] DbMcusXml:78 - Set database path to: C:\STprograms\STM32CubeIDE_1.15.1\STM32CubeIDE\plugins\com.st.stm32cube.common.mx_6.14.0.202502271554\\db\/mcu/
2025-12-16 12:05:20,104 [INFO] ApiDb:274 - Set plugin database path to: C:\STprograms\STM32CubeIDE_1.15.1\STM32CubeIDE\plugins\com.st.stm32cube.common.mx_6.14.0.202502271554\\db\/plugins/boardmanager/
2025-12-16 12:05:20,104 [INFO] ApiDb:261 - Set plugin images path to: C:\STprograms\STM32CubeIDE_1.15.1\STM32CubeIDE\plugins\com.st.stm32cube.common.mx_6.14.0.202502271554\\db\/plugins/mcufinder/images/
2025-12-16 12:05:20,104 [WARN] DbFile:41 - Overriding database path with different value: C:\Users\ingda\.stmcufinder\plugins\mcufinder/ => C:\Users\ingda\.stmcufinder\plugins\mcufinder
2025-12-16 12:05:20,104 [INFO] ApiDb:250 - Set database path to: C:\Users\ingda\.stmcufinder\plugins\mcufinder//mcu/
2025-12-16 12:05:20,104 [WARN] DbFile:41 - Overriding database path with different value: C:\Users\ingda\.stmcufinder\plugins\mcufinder/ => C:\Users\ingda\.stmcufinder\plugins\mcufinder
2025-12-16 12:05:20,104 [INFO] DbMcusAds:125 - Set database path to: C:\Users\ingda\.stmcufinder\plugins\mcufinder//mcu/
2025-12-16 12:05:20,105 [WARN] DbFile:41 - Overriding database path with different value: C:\Users\ingda\.stmcufinder\plugins\mcufinder/ => C:\Users\ingda\.stmcufinder\plugins\mcufinder
2025-12-16 12:05:20,105 [WARN] DbFile:41 - Overriding database path with different value: C:\Users\ingda\.stmcufinder\plugins\mcufinder/ => C:\Users\ingda\.stmcufinder\plugins\mcufinder
2025-12-16 12:05:20,105 [INFO] CrossReferenceDbSqlite:203 - Set database path to: C:\Users\ingda\.stmcufinder\plugins\mcufinder//mcu/cs/
2025-12-16 12:05:20,117 [INFO] ApplicationProperties:184 - Using Application install path: C:\STprograms\STM32CubeIDE_1.15.1\STM32CubeIDE\plugins\com.st.stm32cube.common.mx_6.14.0.202502271554
2025-12-16 12:05:20,118 [INFO] PluginManage:196 - Search for loadable plugins [exclusion list=, ]
2025-12-16 12:05:20,119 [INFO] PluginManage:310 - Check plugin analytics
2025-12-16 12:05:20,262 [INFO] AnalyticsPlugin:253 - Accepted Software Licenses: STM32CubeMX.6.16.0
2025-12-16 12:05:20,263 [INFO] AnalyticsPlugin:255 - Accepted CMSIS Pack Licenses: 
2025-12-16 12:05:20,263 [INFO] AnalyticsPlugin:257 - Accepted Firmware Licenses: FW.G4.1.6.0
2025-12-16 12:05:20,266 [INFO] PluginManage:359 - Loaded plugin analytics (category:tool,tabindex:-1)
2025-12-16 12:05:20,266 [INFO] PluginManage:310 - Check plugin cadmodel
2025-12-16 12:05:20,272 [INFO] CADModel:105 - Init CAD model plugin
2025-12-16 12:05:20,272 [INFO] PluginManage:359 - Loaded plugin cadmodel (category:power,tabindex:5)
2025-12-16 12:05:20,272 [INFO] PluginManage:310 - Check plugin clock
2025-12-16 12:05:20,283 [INFO] PluginManage:359 - Loaded plugin clock (category:base,tabindex:2)
2025-12-16 12:05:20,283 [INFO] PluginManage:310 - Check plugin ddr
2025-12-16 12:05:20,287 [INFO] PluginManage:359 - Loaded plugin ddr (category:tool,tabindex:6)
2025-12-16 12:05:20,287 [INFO] PluginManage:310 - Check plugin filemanager
2025-12-16 12:05:20,397 [INFO] PluginManage:359 - Loaded plugin filemanager (category:base,tabindex:10)
2025-12-16 12:05:20,398 [INFO] PluginManage:310 - Check plugin ipmanager
2025-12-16 12:05:20,403 [INFO] PluginManage:359 - Loaded plugin ipmanager (category:base,tabindex:5)
2025-12-16 12:05:20,403 [INFO] PluginManage:310 - Check plugin lpbam
2025-12-16 12:05:20,410 [INFO] PluginManage:359 - Loaded plugin lpbam (category:base,tabindex:0)
2025-12-16 12:05:20,410 [INFO] PluginManage:310 - Check plugin memorymap
2025-12-16 12:05:20,427 [INFO] PluginManage:359 - Loaded plugin memorymap (category:base,tabindex:4)
2025-12-16 12:05:20,427 [INFO] PluginManage:310 - Check plugin pinoutandconfiguration
2025-12-16 12:05:20,436 [INFO] PluginManage:359 - Loaded plugin pinoutandconfiguration (category:base,tabindex:1)
2025-12-16 12:05:20,436 [INFO] PluginManage:310 - Check plugin pinoutconfig
2025-12-16 12:05:20,520 [WARN] SupportedApi:132 - Cannot load RTOS API schema: s4s-elt-must-match.1: The content of 'definitions' must match (annotation?, (simpleType | complexType)?, (unique | key | keyref)*)). A problem was found starting at: attribute.
2025-12-16 12:05:20,641 [INFO] PluginManage:359 - Loaded plugin pinoutconfig (category:base,tabindex:0)
2025-12-16 12:05:20,641 [INFO] PluginManage:310 - Check plugin power
2025-12-16 12:05:20,648 [INFO] PluginManage:359 - Loaded plugin power (category:power,tabindex:4)
2025-12-16 12:05:20,648 [INFO] PluginManage:310 - Check plugin projectmanager
2025-12-16 12:05:20,660 [INFO] PluginManage:359 - Loaded plugin projectmanager (category:projectmanager,tabindex:4)
2025-12-16 12:05:20,660 [INFO] PluginManage:310 - Check plugin rif
2025-12-16 12:05:20,666 [INFO] PluginManage:359 - Loaded plugin rif (category:base,tabindex:3)
2025-12-16 12:05:20,666 [INFO] PluginManage:310 - Check plugin thirdparty
2025-12-16 12:05:20,788 [WARN] IntegrityCheckThread:84 - waiting for thirdparty lock release [integrity check]
2025-12-16 12:05:20,788 [INFO] IntegrityCheckThread:86 - entering critical section [integrity check]
2025-12-16 12:05:20,788 [INFO] ThirdPartyUpdaterWithRetryManager:70 - Updater plugin not ready yet. [1/15]
2025-12-16 12:05:20,788 [INFO] PluginManage:359 - Loaded plugin thirdparty (category:base,tabindex:-1)
2025-12-16 12:05:20,788 [INFO] PluginManage:310 - Check plugin tools
2025-12-16 12:05:20,792 [INFO] PluginManage:359 - Loaded plugin tools (category:base,tabindex:7)
2025-12-16 12:05:20,792 [INFO] PluginManage:310 - Check plugin tutovideos
2025-12-16 12:05:20,920 [INFO] PluginManage:359 - Loaded plugin tutovideos (category:base,tabindex:-1)
2025-12-16 12:05:20,920 [INFO] PluginManage:310 - Check plugin updater
2025-12-16 12:05:20,935 [INFO] PluginManage:359 - Loaded plugin updater (category:base,tabindex:12)
2025-12-16 12:05:20,935 [INFO] PluginManage:310 - Check plugin userauth
2025-12-16 12:05:20,938 [INFO] UserAuth:118 - Init User Auth plugin
2025-12-16 12:05:20,938 [INFO] PluginManage:359 - Loaded plugin userauth (category:base,tabindex:14)
2025-12-16 12:05:20,939 [INFO] PluginManage:283 - PluginManage : Loaded plugins [18]
2025-12-16 12:05:21,088 [INFO] PinOutPanel:1589 - setPackage(No Configuration,No Configuration)
2025-12-16 12:05:21,150 [INFO] CADModel:165 - CPN selected for project level
2025-12-16 12:05:21,150 [INFO] CADModel:114 - Register for checkConnection events
2025-12-16 12:05:21,165 [INFO] IPUIPlugin:80 - create IPUIPlugin
2025-12-16 12:05:21,166 [INFO] PluginManager:220 - loadIPPluginJar : add adc
2025-12-16 12:05:21,168 [INFO] IPUIPlugin:80 - create IPUIPlugin
2025-12-16 12:05:21,168 [INFO] PluginManager:220 - loadIPPluginJar : add aes
2025-12-16 12:05:21,170 [INFO] IPUIPlugin:80 - create IPUIPlugin
2025-12-16 12:05:21,171 [INFO] PluginManager:220 - loadIPPluginJar : add can
2025-12-16 12:05:21,172 [INFO] IPUIPlugin:80 - create IPUIPlugin
2025-12-16 12:05:21,172 [INFO] PluginManager:220 - loadIPPluginJar : add comp
2025-12-16 12:05:21,174 [INFO] IPUIPlugin:80 - create IPUIPlugin
2025-12-16 12:05:21,174 [INFO] PluginManager:220 - loadIPPluginJar : add cryp
2025-12-16 12:05:21,176 [INFO] IPUIPlugin:80 - create IPUIPlugin
2025-12-16 12:05:21,176 [INFO] PluginManager:220 - loadIPPluginJar : add ddr_ctrl_phy
2025-12-16 12:05:21,178 [INFO] IPUIPlugin:80 - create IPUIPlugin
2025-12-16 12:05:21,178 [INFO] PluginManager:220 - loadIPPluginJar : add dfsdm
2025-12-16 12:05:21,182 [INFO] IPUIPlugin:80 - create IPUIPlugin
2025-12-16 12:05:21,182 [INFO] PluginManager:220 - loadIPPluginJar : add dma
2025-12-16 12:05:21,184 [INFO] IPUIPlugin:80 - create IPUIPlugin
2025-12-16 12:05:21,184 [INFO] PluginManager:220 - loadIPPluginJar : add dma3
2025-12-16 12:05:21,186 [INFO] IPUIPlugin:80 - create IPUIPlugin
2025-12-16 12:05:21,186 [INFO] PluginManager:220 - loadIPPluginJar : add extmemmanager
2025-12-16 12:05:21,188 [INFO] IPUIPlugin:80 - create IPUIPlugin
2025-12-16 12:05:21,188 [INFO] PluginManager:220 - loadIPPluginJar : add fatfs
2025-12-16 12:05:21,191 [INFO] IPUIPlugin:80 - create IPUIPlugin
2025-12-16 12:05:21,191 [INFO] PluginManager:220 - loadIPPluginJar : add fmc
2025-12-16 12:05:21,196 [INFO] IPUIPlugin:80 - create IPUIPlugin
2025-12-16 12:05:21,196 [INFO] PluginManager:220 - loadIPPluginJar : add freertos
2025-12-16 12:05:21,198 [INFO] IPUIPlugin:80 - create IPUIPlugin
2025-12-16 12:05:21,198 [INFO] PluginManager:220 - loadIPPluginJar : add genericplugin
2025-12-16 12:05:21,200 [INFO] IPUIPlugin:80 - create IPUIPlugin
2025-12-16 12:05:21,200 [INFO] PluginManager:220 - loadIPPluginJar : add gfxmmu
2025-12-16 12:05:21,204 [INFO] IPUIPlugin:80 - create IPUIPlugin
2025-12-16 12:05:21,204 [INFO] PluginManager:220 - loadIPPluginJar : add gic
2025-12-16 12:05:21,208 [INFO] IPUIPlugin:80 - create IPUIPlugin
2025-12-16 12:05:21,208 [INFO] PluginManager:220 - loadIPPluginJar : add gpio
2025-12-16 12:05:21,211 [INFO] IPUIPlugin:80 - create IPUIPlugin
2025-12-16 12:05:21,211 [INFO] PluginManager:220 - loadIPPluginJar : add gtzc
2025-12-16 12:05:21,214 [INFO] IPUIPlugin:80 - create IPUIPlugin
2025-12-16 12:05:21,214 [INFO] PluginManager:220 - loadIPPluginJar : add hash
2025-12-16 12:05:21,216 [INFO] IPUIPlugin:80 - create IPUIPlugin
2025-12-16 12:05:21,216 [INFO] PluginManager:220 - loadIPPluginJar : add i2c
2025-12-16 12:05:21,219 [INFO] IPUIPlugin:80 - create IPUIPlugin
2025-12-16 12:05:21,219 [INFO] PluginManager:220 - loadIPPluginJar : add i2s
2025-12-16 12:05:21,223 [INFO] IPUIPlugin:80 - create IPUIPlugin
2025-12-16 12:05:21,223 [INFO] PluginManager:220 - loadIPPluginJar : add i3c
2025-12-16 12:05:21,226 [INFO] IPUIPlugin:80 - create IPUIPlugin
2025-12-16 12:05:21,226 [INFO] PluginManager:220 - loadIPPluginJar : add ipddr
2025-12-16 12:05:21,232 [INFO] IPUIPlugin:80 - create IPUIPlugin
2025-12-16 12:05:21,232 [INFO] PluginManager:220 - loadIPPluginJar : add linkedlist
2025-12-16 12:05:21,234 [INFO] IPUIPlugin:80 - create IPUIPlugin
2025-12-16 12:05:21,234 [INFO] PluginManager:220 - loadIPPluginJar : add lorawan
2025-12-16 12:05:21,235 [INFO] IPUIPlugin:80 - create IPUIPlugin
2025-12-16 12:05:21,235 [INFO] PluginManager:220 - loadIPPluginJar : add ltdc
2025-12-16 12:05:21,239 [INFO] IPUIPlugin:80 - create IPUIPlugin
2025-12-16 12:05:21,239 [INFO] PluginManager:220 - loadIPPluginJar : add mdma
2025-12-16 12:05:21,242 [INFO] IPUIPlugin:80 - create IPUIPlugin
2025-12-16 12:05:21,242 [INFO] PluginManager:220 - loadIPPluginJar : add nvic
2025-12-16 12:05:21,245 [INFO] IPUIPlugin:80 - create IPUIPlugin
2025-12-16 12:05:21,245 [INFO] PluginManager:220 - loadIPPluginJar : add opamp
2025-12-16 12:05:21,248 [INFO] IPUIPlugin:80 - create IPUIPlugin
2025-12-16 12:05:21,248 [INFO] PluginManager:220 - loadIPPluginJar : add openamp
2025-12-16 12:05:21,250 [INFO] IPUIPlugin:80 - create IPUIPlugin
2025-12-16 12:05:21,250 [INFO] PluginManager:220 - loadIPPluginJar : add pdm2pcm
2025-12-16 12:05:21,254 [INFO] IPUIPlugin:80 - create IPUIPlugin
2025-12-16 12:05:21,256 [INFO] PluginManager:220 - loadIPPluginJar : add plateformsettings
2025-12-16 12:05:21,257 [INFO] IPUIPlugin:80 - create IPUIPlugin
2025-12-16 12:05:21,257 [INFO] PluginManager:220 - loadIPPluginJar : add quadspi
2025-12-16 12:05:21,259 [INFO] IPUIPlugin:80 - create IPUIPlugin
2025-12-16 12:05:21,259 [INFO] PluginManager:220 - loadIPPluginJar : add radio
2025-12-16 12:05:21,262 [INFO] IPUIPlugin:80 - create IPUIPlugin
2025-12-16 12:05:21,262 [INFO] PluginManager:220 - loadIPPluginJar : add resmgrutility
2025-12-16 12:05:21,264 [INFO] IPUIPlugin:80 - create IPUIPlugin
2025-12-16 12:05:21,265 [INFO] PluginManager:220 - loadIPPluginJar : add sai
2025-12-16 12:05:21,266 [INFO] IPUIPlugin:80 - create IPUIPlugin
2025-12-16 12:05:21,266 [INFO] PluginManager:220 - loadIPPluginJar : add spi
2025-12-16 12:05:21,270 [INFO] IPUIPlugin:80 - create IPUIPlugin
2025-12-16 12:05:21,270 [INFO] PluginManager:220 - loadIPPluginJar : add stm32_wpan
2025-12-16 12:05:21,271 [INFO] IPUIPlugin:80 - create IPUIPlugin
2025-12-16 12:05:21,271 [INFO] PluginManager:220 - loadIPPluginJar : add tim
2025-12-16 12:05:21,273 [INFO] IPUIPlugin:80 - create IPUIPlugin
2025-12-16 12:05:21,274 [INFO] PluginManager:220 - loadIPPluginJar : add touchsensing
2025-12-16 12:05:21,275 [INFO] IPUIPlugin:80 - create IPUIPlugin
2025-12-16 12:05:21,275 [INFO] PluginManager:220 - loadIPPluginJar : add tracer_emb
2025-12-16 12:05:21,276 [INFO] IPUIPlugin:80 - create IPUIPlugin
2025-12-16 12:05:21,276 [INFO] PluginManager:220 - loadIPPluginJar : add ts
2025-12-16 12:05:21,278 [INFO] IPUIPlugin:80 - create IPUIPlugin
2025-12-16 12:05:21,278 [INFO] PluginManager:220 - loadIPPluginJar : add tsc
2025-12-16 12:05:21,279 [INFO] IPUIPlugin:80 - create IPUIPlugin
2025-12-16 12:05:21,279 [INFO] PluginManager:220 - loadIPPluginJar : add ucpd
2025-12-16 12:05:21,280 [INFO] IPUIPlugin:80 - create IPUIPlugin
2025-12-16 12:05:21,281 [INFO] PluginManager:220 - loadIPPluginJar : add usart
2025-12-16 12:05:21,283 [INFO] IPUIPlugin:80 - create IPUIPlugin
2025-12-16 12:05:21,283 [INFO] PluginManager:220 - loadIPPluginJar : add usbx
2025-12-16 12:05:21,395 [FATAL] Updater:351 - Updater called before beeing initialized
2025-12-16 12:05:21,411 [INFO] RulesReader:64 - Compatibility file has been processed (301 Rules)
2025-12-16 12:05:21,417 [INFO] RulesReader:64 - Compatibility file has been processed (301 Rules)
2025-12-16 12:05:21,425 [INFO] CADModel:165 - CPN selected for project level
2025-12-16 12:05:21,425 [INFO] CADModel:114 - Register for checkConnection events
2025-12-16 12:05:21,425 [FATAL] Updater:351 - Updater called before beeing initialized
2025-12-16 12:05:21,425 [ERROR] CADModel:125 - Updater not yet initialized, retry later 
2025-12-16 12:05:21,573 [FATAL] Updater:351 - Updater called before beeing initialized
2025-12-16 12:05:21,575 [INFO] CADModel:165 - CPN selected for project level
2025-12-16 12:05:21,575 [INFO] CADModel:114 - Register for checkConnection events
2025-12-16 12:05:21,575 [FATAL] Updater:351 - Updater called before beeing initialized
2025-12-16 12:05:21,575 [ERROR] CADModel:125 - Updater not yet initialized, retry later 
2025-12-16 12:05:21,577 [FATAL] Updater:351 - Updater called before beeing initialized
2025-12-16 12:05:21,653 [FATAL] Updater:351 - Updater called before beeing initialized
2025-12-16 12:05:21,659 [INFO] DbMcusAds:53 - JSON generation date=Tue Dec 16 00:11:46 CET 2025 (1765840306612)
2025-12-16 12:05:21,659 [FATAL] Updater:351 - Updater called before beeing initialized
2025-12-16 12:05:21,689 [WARN] DetailPanel:346 - Failed to get advertising image, set to default
2025-12-16 12:05:21,817 [FATAL] Updater:351 - Updater called before beeing initialized
2025-12-16 12:05:21,819 [FATAL] Updater:351 - Updater called before beeing initialized
2025-12-16 12:05:21,819 [FATAL] Updater:351 - Updater called before beeing initialized
2025-12-16 12:05:21,819 [WARN] DetailPanel:346 - Failed to get advertising image, set to default
2025-12-16 12:05:21,819 [FATAL] Updater:351 - Updater called before beeing initialized
2025-12-16 12:05:21,849 [ERROR] Updater:1198 - MainUpdater not yet initialized. External WinMGr cannot be set.
2025-12-16 12:05:21,850 [INFO] Updater:1134 - Updater Version found : 6.14.0
2025-12-16 12:05:21,868 [INFO] ApplicationProperties:184 - Using Application install path: C:\STprograms\STM32CubeIDE_1.15.1\STM32CubeIDE\plugins\com.st.stm32cube.common.mx_6.14.0.202502271554
2025-12-16 12:05:21,942 [INFO] MainUpdater:525 - Copy updater definitions from MX database
2025-12-16 12:05:22,325 [INFO] MainUpdater:2872 - connection check result : 10
2025-12-16 12:05:22,326 [INFO] MainUpdater:3566 - Updater definition file requires update
2025-12-16 12:05:22,326 [INFO] MainUpdater:289 - Updater Check For Update Now.
2025-12-16 12:05:22,327 [INFO] MicroXplorer:498 - Change Database Version : DB.6.0.140
2025-12-16 12:05:22,332 [INFO] McuFinderGlobals:63 - Set McuFinder mode to 2 (CubeIDE integrated)
2025-12-16 12:05:22,333 [INFO] UserAuth:486 - Internet connection configuration mode: 1
2025-12-16 12:05:22,346 [INFO] JxBrowserEngine:152 - Initiate JxBrowser Engine with user profile folder
2025-12-16 12:05:22,586 [INFO] ServerAccessManage:473 - Download File updaters.zip
2025-12-16 12:05:22,813 [INFO] FileExtend:242 - Unzip File : updaters.zip
2025-12-16 12:05:22,813 [INFO] FileExtend:257 - Standard Zip Deflate
2025-12-16 12:05:23,209 [INFO] ServerAccessManage:473 - Download File PacksControlFlags.xml
2025-12-16 12:05:23,253 [INFO] WebApp:169 - Instantiating new browser for Auth
2025-12-16 12:05:23,290 [INFO] ServerAccessManage:473 - Download File cubemx.pidx
2025-12-16 12:05:23,367 [INFO] LoadServerUpdatesThread:375 - End of LoadServerUpdate Thread
2025-12-16 12:05:23,527 [INFO] CheckServerUpdateThread:120 - End of CheckServer Thread
2025-12-16 12:05:24,045 [WARN] PackLoader:240 - Cannot read IP mode file for STMicroelectronics.FP-SNS-MOTENVWB1.1.4.0
2025-12-16 12:05:24,051 [WARN] PackLoader:240 - Cannot read IP mode file for STMicroelectronics.FP-ATR-ASTRA1.2.0.2
2025-12-16 12:05:24,054 [WARN] PackLoader:240 - Cannot read IP mode file for STMicroelectronics.FP-ATR-ASTRA1.2.0.1
2025-12-16 12:05:24,060 [WARN] PackLoader:240 - Cannot read IP mode file for STMicroelectronics.X-CUBE-SMBUS.2.1.0
2025-12-16 12:05:24,064 [WARN] PackLoader:240 - Cannot read IP mode file for STMicroelectronics.X-CUBE-WB05N.1.1.0
2025-12-16 12:05:24,068 [WARN] PackLoader:240 - Cannot read IP mode file for STMicroelectronics.X-CUBE-ST60.1.0.0
2025-12-16 12:05:24,073 [WARN] PackLoader:240 - Cannot read IP mode file for STMicroelectronics.X-CUBE-TOUCHGFX.4.23.2
2025-12-16 12:05:24,091 [WARN] PackLoader:240 - Cannot read IP mode file for STMicroelectronics.X-CUBE-AZRTOS-F7.1.1.0
2025-12-16 12:05:24,121 [WARN] PackLoader:240 - Cannot read IP mode file for STMicroelectronics.X-CUBE-MEMS1.11.0.0
2025-12-16 12:05:24,323 [INFO] WebApp:463 - Apply proxy settings
2025-12-16 12:05:24,323 [INFO] WebApp:548 - Chromium requires no authentication
2025-12-16 12:05:24,363 [ERROR] Engine:466 - C:\Users\ingda\.stm32cubemx\thirdparties\pdsc\STMicroelectronics.FP-SNS-MOTENV1.5.1.0.pdsc: PDSC version is not supported
2025-12-16 12:05:24,368 [ERROR] Engine:466 - C:\Users\ingda\.stm32cubemx\thirdparties\pdsc\WES.I-CUBE-Cesium.1.4.0.pdsc: PDSC version is not supported
2025-12-16 12:05:24,371 [WARN] PackLoader:240 - Cannot read IP mode file for STMicroelectronics.FP-SNS-FLIGHT1.5.0.2
2025-12-16 12:05:24,381 [WARN] PackLoader:240 - Cannot read IP mode file for Infineon.AIROC-Wi-Fi-Bluetooth-STM32.1.7.0
2025-12-16 12:05:24,392 [WARN] PackLoader:240 - Cannot read IP mode file for STMicroelectronics.X-CUBE-AZRTOS-H7.3.4.0
2025-12-16 12:05:24,395 [INFO] WebApp:491 - Direct internet connection detected
2025-12-16 12:05:24,398 [WARN] PackLoader:240 - Cannot read IP mode file for STMicroelectronics.X-CUBE-DISPLAY.3.0.0
2025-12-16 12:05:24,403 [WARN] PackLoader:240 - Cannot read IP mode file for STMicroelectronics.X-CUBE-BLE1.7.0.0
2025-12-16 12:05:24,408 [WARN] PackLoader:240 - Cannot read IP mode file for STMicroelectronics.X-CUBE-NFC10.1.0.0
2025-12-16 12:05:24,413 [WARN] PackLoader:240 - Cannot read IP mode file for STMicroelectronics.X-CUBE-BLEMGR.4.0.0
2025-12-16 12:05:24,417 [WARN] PackLoader:240 - Cannot read IP mode file for STMicroelectronics.X-CUBE-ST60.1.1.0
2025-12-16 12:05:24,421 [WARN] PackLoader:240 - Cannot read IP mode file for emotas.I-CUBE-CANOPEN.1.3.0
2025-12-16 12:05:24,424 [WARN] PackLoader:240 - Cannot read IP mode file for STMicroelectronics.X-CUBE-GNSS1.7.1.0
2025-12-16 12:05:24,430 [WARN] PackLoader:240 - Cannot read IP mode file for STMicroelectronics.X-CUBE-BLEMGR.3.1.0
2025-12-16 12:05:24,466 [WARN] PackLoader:240 - Cannot read IP mode file for STMicroelectronics.X-CUBE-AI.10.0.0
2025-12-16 12:05:24,483 [ERROR] Engine:466 - C:\Users\ingda\.stm32cubemx\thirdparties\pdsc\STMicroelectronics.FP-SNS-STBOX1.2.1.0.pdsc: PDSC version is not supported
2025-12-16 12:05:24,485 [WARN] PackLoader:240 - Cannot read IP mode file for STMicroelectronics.FP-SNS-SMARTAG2.1.2.0
2025-12-16 12:05:24,487 [WARN] PackLoader:240 - Cannot read IP mode file for STMicroelectronics.FP-SNS-FLIGHT1.5.1.0
2025-12-16 12:05:24,517 [WARN] PackLoader:240 - Cannot read IP mode file for STMicroelectronics.X-CUBE-MEMS1.11.1.0
2025-12-16 12:05:24,604 [INFO] WebApp:894 - Register for checkConnection events
2025-12-16 12:05:24,604 [INFO] WebApp:463 - Apply proxy settings
2025-12-16 12:05:24,604 [INFO] WebApp:548 - Chromium requires no authentication
2025-12-16 12:05:24,604 [INFO] WebApp:491 - Direct internet connection detected
2025-12-16 12:05:24,616 [INFO] LogOutputStream:77 - [STDOUT_REDIRECT] 1 : Invalid condition id : UX_CORESTACK_Condition cause : null
2025-12-16 12:05:24,617 [INFO] LogOutputStream:77 - [STDOUT_REDIRECT] 1 : Invalid condition id : UX_CORESTACK_Condition cause : null
2025-12-16 12:05:24,618 [INFO] LogOutputStream:77 - [STDOUT_REDIRECT] 1 : Invalid condition id : UX_CORESTACK_Condition cause : null
2025-12-16 12:05:24,620 [INFO] LogOutputStream:77 - [STDOUT_REDIRECT] 1 : Invalid condition id : UX_CORESTACK_Condition cause : null
2025-12-16 12:05:24,621 [INFO] LogOutputStream:77 - [STDOUT_REDIRECT] 1 : Invalid condition id : UX_CORESTACK_Condition cause : null
2025-12-16 12:05:24,622 [WARN] PackLoader:240 - Cannot read IP mode file for STMicroelectronics.X-CUBE-AZRTOS-WL.2.0.0
2025-12-16 12:05:24,625 [WARN] PackLoader:240 - Cannot read IP mode file for STMicroelectronics.FP-SNS-MOTENV1.5.0.0
2025-12-16 12:05:24,635 [WARN] PackLoader:240 - Cannot read IP mode file for STMicroelectronics.X-CUBE-AZRTOS-H7RS.1.2.0
2025-12-16 12:05:24,640 [WARN] PackLoader:240 - Cannot read IP mode file for wolfSSL.I-CUBE-wolfMQTT.1.19.0
2025-12-16 12:05:24,646 [WARN] PackLoader:240 - Cannot read IP mode file for WES.I-CUBE-Cesium.1.3.0
2025-12-16 12:05:24,650 [WARN] PackLoader:240 - Cannot read IP mode file for STMicroelectronics.X-CUBE-BLE2.3.3.0
2025-12-16 12:05:24,679 [WARN] PackLoader:240 - Cannot read IP mode file for Infineon.AIROC-Wi-Fi-Bluetooth-STM32.1.8.0
2025-12-16 12:05:24,686 [WARN] PackLoader:240 - Cannot read IP mode file for STMicroelectronics.X-CUBE-NFC9.1.0.0
2025-12-16 12:05:24,689 [WARN] PackLoader:240 - Cannot read IP mode file for STMicroelectronics.X-CUBE-BLE1.7.1.0
2025-12-16 12:05:24,692 [WARN] PackLoader:240 - Cannot read IP mode file for wolfSSL.I-CUBE-wolfMQTT.1.19.2
2025-12-16 12:05:24,695 [WARN] PackLoader:240 - Cannot read IP mode file for STMicroelectronics.X-CUBE-TCPP.4.1.0
2025-12-16 12:05:24,698 [ERROR] Engine:466 - C:\Users\ingda\.stm32cubemx\thirdparties\pdsc\STMicroelectronics.X-CUBE-FREERTOS.1.4.0.pdsc: PDSC version is not supported
2025-12-16 12:05:24,701 [WARN] PackLoader:240 - Cannot read IP mode file for STMicroelectronics.X-CUBE-EEPRMA1.5.2.0
2025-12-16 12:05:24,705 [WARN] PackLoader:240 - Cannot read IP mode file for wolfSSL.I-CUBE-wolfSSL.5.8.4
2025-12-16 12:05:24,708 [WARN] PackLoader:240 - Cannot read IP mode file for Cesanta.I-CUBE-Mongoose.7.20.0
2025-12-16 12:05:24,711 [ERROR] Engine:466 - C:\Users\ingda\.stm32cubemx\thirdparties\pdsc\STMicroelectronics.X-CUBE-ST67W61.1.1.0.pdsc: PDSC version is not supported
2025-12-16 12:05:24,712 [WARN] PackLoader:240 - Cannot read IP mode file for STMicroelectronics.X-CUBE-AI.10.1.0
2025-12-16 12:05:24,728 [WARN] PackLoader:240 - Cannot read IP mode file for STMicroelectronics.X-CUBE-MEMS1.12.0.0
2025-12-16 12:05:24,775 [WARN] PackLoader:240 - Cannot read IP mode file for STMicroelectronics.X-CUBE-ALGOBUILD.1.3.0
2025-12-16 12:05:24,809 [WARN] PackLoader:240 - Cannot read IP mode file for STMicroelectronics.X-CUBE-MEMS1.11.2.0
2025-12-16 12:05:24,866 [WARN] PackLoader:240 - Cannot read IP mode file for STMicroelectronics.X-CUBE-AZRTOS-G0.1.1.0
2025-12-16 12:05:24,871 [WARN] PackLoader:240 - Cannot read IP mode file for STMicroelectronics.X-CUBE-SAFEA1.1.2.2
2025-12-16 12:05:24,875 [WARN] PackLoader:240 - Cannot read IP mode file for STMicroelectronics.X-CUBE-NFC4.3.0.0
2025-12-16 12:05:24,881 [WARN] PackLoader:240 - Cannot read IP mode file for EmbeddedOffice.I-CUBE-FS-RTOS.1.0.1
2025-12-16 12:05:24,884 [WARN] PackLoader:240 - Cannot read IP mode file for STMicroelectronics.X-CUBE-WB05N.2.0.0
2025-12-16 12:05:24,887 [WARN] PackLoader:240 - Cannot read IP mode file for wolfSSL.I-CUBE-wolfTPM.3.8.0
2025-12-16 12:05:24,890 [WARN] PackLoader:240 - Cannot read IP mode file for STMicroelectronics.X-CUBE-TCPP.4.2.0
2025-12-16 12:05:24,895 [WARN] PackLoader:240 - Cannot read IP mode file for RealThread.X-CUBE-RT-Thread_Nano.4.1.1
2025-12-16 12:05:24,898 [WARN] PackLoader:240 - Cannot read IP mode file for wolfSSL.I-CUBE-wolfSSL.5.7.0
2025-12-16 12:05:24,901 [WARN] PackLoader:240 - Cannot read IP mode file for STMicroelectronics.FP-ATR-SIGFOX1.3.2.0
2025-12-16 12:05:24,906 [WARN] ConditionMgr:438 - getConditionDescription Invalid condition id : Cortex-A Device cause : null
2025-12-16 12:05:24,912 [WARN] ConditionMgr:1044 - genDependencies : Invalid condition id : Cortex-A Device cause : null
2025-12-16 12:05:24,912 [WARN] ConditionMgr:1044 - genDependencies : Invalid condition id : Cortex-A Device cause : null
2025-12-16 12:05:24,912 [WARN] ConditionMgr:1044 - genDependencies : Invalid condition id : Cortex-A Device cause : null
2025-12-16 12:05:24,916 [WARN] PackLoader:240 - Cannot read IP mode file for STMicroelectronics.X-CUBE-EEPRMA1.5.1.0
2025-12-16 12:05:24,919 [WARN] PackLoader:240 - Cannot read IP mode file for wolfSSL.I-CUBE-wolfSSL.5.7.4
2025-12-16 12:05:24,924 [WARN] PackLoader:240 - Cannot read IP mode file for ITTIA_DB.I-CUBE-ITTIADB.8.9.0
2025-12-16 12:05:24,934 [WARN] PackLoader:240 - Cannot read IP mode file for STMicroelectronics.X-CUBE-ST67W61.1.0.0
2025-12-16 12:05:24,937 [WARN] PackLoader:240 - Cannot read IP mode file for STMicroelectronics.X-CUBE-AI.10.2.0
2025-12-16 12:05:24,943 [INFO] WebApp:191 - Connection restablished
2025-12-16 12:05:24,951 [WARN] PackLoader:240 - Cannot read IP mode file for SEGGER.I-CUBE-embOS.1.3.1
2025-12-16 12:05:24,965 [WARN] PackLoader:240 - Cannot read IP mode file for STMicroelectronics.X-CUBE-ALGOBUILD.1.4.0
2025-12-16 12:05:24,987 [WARN] PackLoader:240 - Cannot read IP mode file for STMicroelectronics.X-CUBE-MEMS1.11.3.0
2025-12-16 12:05:25,040 [WARN] PackLoader:240 - Cannot read IP mode file for STMicroelectronics.X-CUBE-AI.9.1.0
2025-12-16 12:05:25,059 [WARN] PackLoader:240 - Cannot read IP mode file for STMicroelectronics.X-CUBE-PM33A1.1.0.0
2025-12-16 12:05:25,061 [WARN] PackLoader:240 - Cannot read IP mode file for STMicroelectronics.X-CUBE-GNSS1.6.0.0
2025-12-16 12:05:25,069 [WARN] PackLoader:240 - Cannot read IP mode file for STMicroelectronics.X-CUBE-AZRTOS-F4.1.1.0
2025-12-16 12:05:25,073 [WARN] PackLoader:240 - Cannot read IP mode file for Avnet-IotConnect.X-CUBE-IoTC-DA16k-PMOD.1.0.0
2025-12-16 12:05:25,075 [WARN] PackLoader:240 - Cannot read IP mode file for STMicroelectronics.X-CUBE-ISPU.2.1.0
2025-12-16 12:05:25,078 [ERROR] Engine:466 - C:\Users\ingda\.stm32cubemx\thirdparties\pdsc\STMicroelectronics.X-CUBE-IPS.3.2.0.pdsc: PDSC version is not supported
2025-12-16 12:05:25,081 [WARN] PackLoader:240 - Cannot read IP mode file for STMicroelectronics.X-CUBE-FREERTOS.1.2.0
2025-12-16 12:05:25,085 [WARN] PackLoader:240 - Cannot read IP mode file for STMicroelectronics.X-CUBE-NFC12.1.0.0
2025-12-16 12:05:25,093 [WARN] PackLoader:240 - Cannot read IP mode file for STMicroelectronics.X-CUBE-AZRTOS-L5.2.0.0
2025-12-16 12:05:25,098 [WARN] PackLoader:240 - Cannot read IP mode file for STMicroelectronics.X-CUBE-NFC6.3.1.0
2025-12-16 12:05:25,103 [WARN] PackLoader:240 - Cannot read IP mode file for STMicroelectronics.X-CUBE-DPower.1.2.0
2025-12-16 12:05:25,106 [WARN] PackLoader:240 - Cannot read IP mode file for STMicroelectronics.X-CUBE-AI.9.0.0
2025-12-16 12:05:25,124 [WARN] PackLoader:240 - Cannot read IP mode file for STMicroelectronics.X-CUBE-FREERTOS.1.3.1
2025-12-16 12:05:25,127 [WARN] PackLoader:240 - Cannot read IP mode file for STMicroelectronics.X-CUBE-FREERTOS.1.3.0
2025-12-16 12:05:25,130 [WARN] PackLoader:240 - Cannot read IP mode file for STMicroelectronics.X-CUBE-NFC7.1.0.1
2025-12-16 12:05:25,132 [WARN] PackLoader:240 - Cannot read IP mode file for wolfSSL.I-CUBE-wolfTPM.3.2.0
2025-12-16 12:05:25,134 [WARN] PackLoader:240 - Cannot read IP mode file for STMicroelectronics.X-CUBE-TOUCHGFX.4.26.0
2025-12-16 12:05:25,138 [WARN] PackLoader:240 - Cannot read IP mode file for STMicroelectronics.FP-SNS-STAIOTCFT.1.0.0
2025-12-16 12:05:25,141 [WARN] PackLoader:240 - Cannot read IP mode file for STMicroelectronics.X-CUBE-DPower.1.3.0
2025-12-16 12:05:25,150 [WARN] ConditionMgr:438 - getConditionDescription Invalid condition id : LAN8742 Phy interface Condition cause : null
2025-12-16 12:05:25,151 [WARN] PackLoader:240 - Cannot read IP mode file for STMicroelectronics.X-CUBE-AZRTOS-L4.2.0.0
2025-12-16 12:05:25,151 [WARN] ConditionMgr:1044 - genDependencies : Invalid condition id : LAN8742 Phy interface Condition cause : null
2025-12-16 12:05:25,151 [WARN] ConditionMgr:1044 - genDependencies : Invalid condition id : LAN8742 Phy interface Condition cause : null
2025-12-16 12:05:25,152 [WARN] ConditionMgr:1044 - genDependencies : Invalid condition id : LAN8742 Phy interface Condition cause : null
2025-12-16 12:05:25,156 [WARN] PackLoader:240 - Cannot read IP mode file for STMicroelectronics.X-CUBE-SFXS2LP1.4.0.0
2025-12-16 12:05:25,165 [WARN] PackLoader:240 - Cannot read IP mode file for STMicroelectronics.X-CUBE-AZRTOS-H7.3.3.0
2025-12-16 12:05:25,171 [WARN] PackLoader:240 - Cannot read IP mode file for STMicroelectronics.X-CUBE-BLEMGR.4.1.0
2025-12-16 12:05:25,178 [WARN] PackLoader:240 - Cannot read IP mode file for STMicroelectronics.X-CUBE-IPS.3.0.0
2025-12-16 12:05:25,186 [WARN] ConditionMgr:438 - getConditionDescription Invalid condition id : UX DEVICE CLASS RTOS Condition cause : null
2025-12-16 12:05:25,186 [WARN] ConditionMgr:438 - getConditionDescription Invalid condition id : UX DEVICE CLASS RTOS Condition cause : null
2025-12-16 12:05:25,187 [WARN] PackLoader:240 - Cannot read IP mode file for STMicroelectronics.X-CUBE-AZRTOS-WB.2.0.0
2025-12-16 12:05:25,187 [WARN] ConditionMgr:1044 - genDependencies : Invalid condition id : UX DEVICE CLASS RTOS Condition cause : null
2025-12-16 12:05:25,187 [WARN] ConditionMgr:1044 - genDependencies : Invalid condition id : UX DEVICE CLASS RTOS Condition cause : null
2025-12-16 12:05:25,188 [WARN] ConditionMgr:1044 - genDependencies : Invalid condition id : UX DEVICE CLASS RTOS Condition cause : null
2025-12-16 12:05:25,188 [WARN] ConditionMgr:1044 - genDependencies : Invalid condition id : UX DEVICE CLASS RTOS Condition cause : null
2025-12-16 12:05:25,188 [WARN] ConditionMgr:1044 - genDependencies : Invalid condition id : UX DEVICE CLASS RTOS Condition cause : null
2025-12-16 12:05:25,191 [WARN] PackLoader:240 - Cannot read IP mode file for STMicroelectronics.X-CUBE-GNSS1.7.0.0
2025-12-16 12:05:25,195 [WARN] PackLoader:240 - Cannot read IP mode file for STMicroelectronics.X-CUBE-GNSS1.7.0.1
2025-12-16 12:05:25,198 [WARN] PackLoader:240 - Cannot read IP mode file for STMicroelectronics.X-CUBE-TOUCHGFX.4.25.0
2025-12-16 12:05:25,201 [WARN] PackLoader:240 - Cannot read IP mode file for STMicroelectronics.FP-SNS-STBOX1.2.0.0
2025-12-16 12:05:25,204 [WARN] ConditionMgr:438 - getConditionDescription Invalid condition id : Cortex-A Device cause : null
2025-12-16 12:05:25,209 [WARN] ConditionMgr:1044 - genDependencies : Invalid condition id : Cortex-A Device cause : null
2025-12-16 12:05:25,209 [WARN] ConditionMgr:1044 - genDependencies : Invalid condition id : Cortex-A Device cause : null
2025-12-16 12:05:25,209 [WARN] ConditionMgr:1044 - genDependencies : Invalid condition id : Cortex-A Device cause : null
2025-12-16 12:05:25,214 [WARN] PackLoader:240 - Cannot read IP mode file for STMicroelectronics.X-CUBE-SUBG2.5.0.0
2025-12-16 12:05:25,230 [WARN] PackLoader:240 - Cannot read IP mode file for STMicroelectronics.X-CUBE-AZRTOS-H7RS.1.1.0
2025-12-16 12:05:25,235 [WARN] PackLoader:240 - Cannot read IP mode file for Cesanta.I-CUBE-Mongoose.7.13.0
2025-12-16 12:05:25,246 [WARN] PackLoader:240 - Cannot read IP mode file for STMicroelectronics.X-CUBE-AZRTOS-G4.2.0.0
2025-12-16 12:05:25,251 [WARN] PackLoader:240 - Cannot read IP mode file for wolfSSL.I-CUBE-wolfSSH.1.4.20
2025-12-16 12:05:25,255 [WARN] PackLoader:240 - Cannot read IP mode file for STMicroelectronics.X-CUBE-NFC7.2.0.0
2025-12-16 12:05:25,258 [WARN] PackLoader:240 - Cannot read IP mode file for STMicroelectronics.X-CUBE-ISPU.2.0.0
2025-12-16 12:05:25,266 [WARN] PackLoader:240 - Cannot read IP mode file for STMicroelectronics.X-CUBE-IPS.3.1.0
2025-12-16 12:05:25,273 [WARN] PackLoader:240 - Cannot read IP mode file for STMicroelectronics.X-CUBE-ALS.1.0.2
2025-12-16 12:05:25,291 [WARN] PackLoader:240 - Cannot read IP mode file for STMicroelectronics.X-CUBE-MEMS1.10.0.0
2025-12-16 12:05:25,383 [WARN] PackLoader:240 - Cannot read IP mode file for STMicroelectronics.X-CUBE-TOUCHGFX.4.24.0
2025-12-16 12:05:25,385 [WARN] PackLoader:240 - Cannot read IP mode file for STMicroelectronics.X-CUBE-TOUCHGFX.4.24.2
2025-12-16 12:05:25,387 [WARN] PackLoader:240 - Cannot read IP mode file for STMicroelectronics.X-CUBE-TOUCHGFX.4.24.1
2025-12-16 12:05:25,392 [WARN] PackLoader:240 - Cannot read IP mode file for STMicroelectronics.X-CUBE-STSE01.1.0.0
2025-12-16 12:05:25,394 [WARN] PackLoader:240 - Cannot read IP mode file for wolfSSL.I-CUBE-wolfTPM.3.4.0
2025-12-16 12:05:25,399 [WARN] PackLoader:240 - Cannot read IP mode file for portGmbH.I-Cube-SoM-uGOAL.1.1.0
2025-12-16 12:05:25,401 [WARN] PackLoader:240 - Cannot read IP mode file for STMicroelectronics.X-CUBE-ALS.1.0.1
2025-12-16 12:05:25,404 [WARN] PackLoader:240 - Cannot read IP mode file for STMicroelectronics.X-CUBE-AI.7.0.0
2025-12-16 12:05:25,426 [WARN] PackLoader:240 - Cannot read IP mode file for STMicroelectronics.X-CUBE-AZRTOS-H7RS.1.0.0
2025-12-16 12:05:25,430 [WARN] PackLoader:240 - Cannot read IP mode file for STMicroelectronics.FP-ATR-ASTRA1.2.0.0
2025-12-16 12:05:25,435 [WARN] PackLoader:240 - Cannot read IP mode file for STMicroelectronics.X-CUBE-TOF1.3.4.2
2025-12-16 12:05:25,443 [WARN] PackLoader:240 - Cannot read IP mode file for STMicroelectronics.X-CUBE-TOF1.3.4.3
2025-12-16 12:05:25,473 [WARN] PackLoader:240 - Cannot read IP mode file for STMicroelectronics.X-CUBE-TOF1.3.4.1
2025-12-16 12:05:25,484 [WARN] PackLoader:240 - Cannot read IP mode file for STMicroelectronics.X-CUBE-AZRTOS-H7.3.2.0
2025-12-16 12:05:25,491 [WARN] PackLoader:240 - Cannot read IP mode file for Infineon.AIROC-Wi-Fi-Bluetooth-STM32.1.6.0
2025-12-16 12:05:25,494 [WARN] PackLoader:240 - Cannot read IP mode file for wolfSSL.I-CUBE-wolfSSH.1.4.17
2025-12-16 12:05:25,495 [INFO] ThirdParty:978 - Integrity check success = true
2025-12-16 12:05:25,495 [INFO] IntegrityCheckThread:100 - exiting critical section [integrity check]
2025-12-16 12:05:25,495 [INFO] IntegrityCheckThread:103 - End integrity checks thread
2025-12-16 12:05:26,050 [INFO] WebApp:225 - Starting web application
2025-12-16 12:05:26,050 [INFO] WebApp:593 - Web application path used C:\STprograms\STM32CubeIDE_1.15.1\STM32CubeIDE\plugins\com.st.stm32cube.common.mx_6.14.0.202502271554\db\plugins\mcufinder\reactClient1\index.html
2025-12-16 12:05:26,134 [INFO] UserAuth:486 - Internet connection configuration mode: 1
2025-12-16 12:05:58,193 [INFO] Activator:176 - 


2025-12-16 12:05:58,195 [INFO] Activator:177 - !SESSION log4j initialized
2025-12-16 12:06:02,115 [INFO] LogOutputStream:77 - [STDOUT_REDIRECT] 
2025-12-16 12:10:08,734 [INFO] Activator:176 - 


2025-12-16 12:10:08,737 [INFO] Activator:177 - !SESSION log4j initialized
2025-12-16 12:10:13,123 [INFO] LogOutputStream:77 - [STDOUT_REDIRECT] 
